# JRE version: OpenJDK Runtime Environment (8.0_152-b01) (build 1.8.0_152-release-915-b01)
# Java VM: OpenJDK 64-Bit Server VM (25.152-b01 mixed mode linux-amd64 compressed oops)
Heap:
 PSYoungGen      total 167936K, used 37080K [0x00000000e0000000, 0x00000000eec80000, 0x0000000100000000)
  eden space 150016K, 24% used [0x00000000e0000000,0x00000000e2436148,0x00000000e9280000)
  from space 17920K, 0% used [0x00000000e9280000,0x00000000e9280000,0x00000000ea400000)
  to   space 26112K, 0% used [0x00000000ed300000,0x00000000ed300000,0x00000000eec80000)
 ParOldGen       total 112640K, used 44927K [0x00000000a0000000, 0x00000000a6e00000, 0x00000000e0000000)
  object space 112640K, 39% used [0x00000000a0000000,0x00000000a2bdfe08,0x00000000a6e00000)
 Metaspace       used 59273K, capacity 61144K, committed 61400K, reserved 1101824K
  class space    used 7952K, capacity 8419K, committed 8448K, reserved 1048576K
GC Heap History (10 events):
Event: 10.303 GC heap before
{Heap before GC invocations=10 (full 2):
 PSYoungGen      total 135680K, used 9364K [0x00000000e0000000, 0x00000000ebb80000, 0x0000000100000000)
  eden space 124928K, 0% used [0x00000000e0000000,0x00000000e0000000,0x00000000e7a00000)
  from space 10752K, 87% used [0x00000000e8580000,0x00000000e8ea52a8,0x00000000e9000000)
  to   space 11776K, 0% used [0x00000000e7a00000,0x00000000e7a00000,0x00000000e8580000)
 ParOldGen       total 40960K, used 9157K [0x00000000a0000000, 0x00000000a2800000, 0x00000000e0000000)
  object space 40960K, 22% used [0x00000000a0000000,0x00000000a08f16c0,0x00000000a2800000)
 Metaspace       used 34461K, capacity 35224K, committed 35416K, reserved 1079296K
  class space    used 4700K, capacity 4962K, committed 4992K, reserved 1048576K
Event: 10.393 GC heap after
Heap after GC invocations=10 (full 2):
 PSYoungGen      total 135680K, used 0K [0x00000000e0000000, 0x00000000ebb80000, 0x0000000100000000)
  eden space 124928K, 0% used [0x00000000e0000000,0x00000000e0000000,0x00000000e7a00000)
  from space 10752K, 0% used [0x00000000e8580000,0x00000000e8580000,0x00000000e9000000)
  to   space 11776K, 0% used [0x00000000e7a00000,0x00000000e7a00000,0x00000000e8580000)
 ParOldGen       total 62976K, used 15643K [0x00000000a0000000, 0x00000000a3d80000, 0x00000000e0000000)
  object space 62976K, 24% used [0x00000000a0000000,0x00000000a0f46c30,0x00000000a3d80000)
 Metaspace       used 34461K, capacity 35224K, committed 35416K, reserved 1079296K
  class space    used 4700K, capacity 4962K, committed 4992K, reserved 1048576K
}
Event: 13.067 GC heap before
{Heap before GC invocations=11 (full 2):
 PSYoungGen      total 135680K, used 124928K [0x00000000e0000000, 0x00000000ebb80000, 0x0000000100000000)
  eden space 124928K, 100% used [0x00000000e0000000,0x00000000e7a00000,0x00000000e7a00000)
  from space 10752K, 0% used [0x00000000e8580000,0x00000000e8580000,0x00000000e9000000)
  to   space 11776K, 0% used [0x00000000e7a00000,0x00000000e7a00000,0x00000000e8580000)
 ParOldGen       total 62976K, used 15643K [0x00000000a0000000, 0x00000000a3d80000, 0x00000000e0000000)
  object space 62976K, 24% used [0x00000000a0000000,0x00000000a0f46c30,0x00000000a3d80000)
 Metaspace       used 44298K, capacity 45354K, committed 45528K, reserved 1089536K
  class space    used 5997K, capacity 6360K, committed 6400K, reserved 1048576K
Event: 13.096 GC heap after
Heap after GC invocations=11 (full 2):
 PSYoungGen      total 136704K, used 11771K [0x00000000e0000000, 0x00000000eb200000, 0x0000000100000000)
  eden space 124928K, 0% used [0x00000000e0000000,0x00000000e0000000,0x00000000e7a00000)
  from space 11776K, 99% used [0x00000000e7a00000,0x00000000e857efc8,0x00000000e8580000)
  to   space 14336K, 0% used [0x00000000ea400000,0x00000000ea400000,0x00000000eb200000)
 ParOldGen       total 62976K, used 17534K [0x00000000a0000000, 0x00000000a3d80000, 0x00000000e0000000)
  object space 62976K, 27% used [0x00000000a0000000,0x00000000a111fa20,0x00000000a3d80000)
 Metaspace       used 44298K, capacity 45354K, committed 45528K, reserved 1089536K
  class space    used 5997K, capacity 6360K, committed 6400K, reserved 1048576K
}
Event: 16.554 GC heap before
{Heap before GC invocations=12 (full 2):
 PSYoungGen      total 136704K, used 136699K [0x00000000e0000000, 0x00000000eb200000, 0x0000000100000000)
  eden space 124928K, 100% used [0x00000000e0000000,0x00000000e7a00000,0x00000000e7a00000)
  from space 11776K, 99% used [0x00000000e7a00000,0x00000000e857efc8,0x00000000e8580000)
  to   space 14336K, 0% used [0x00000000ea400000,0x00000000ea400000,0x00000000eb200000)
 ParOldGen       total 62976K, used 17534K [0x00000000a0000000, 0x00000000a3d80000, 0x00000000e0000000)
  object space 62976K, 27% used [0x00000000a0000000,0x00000000a111fa20,0x00000000a3d80000)
 Metaspace       used 52132K, capacity 53844K, committed 54104K, reserved 1095680K
  class space    used 7093K, capacity 7527K, committed 7552K, reserved 1048576K
Event: 16.603 GC heap after
Heap after GC invocations=12 (full 2):
 PSYoungGen      total 164352K, used 14333K [0x00000000e0000000, 0x00000000ebb00000, 0x0000000100000000)
  eden space 150016K, 0% used [0x00000000e0000000,0x00000000e0000000,0x00000000e9280000)
  from space 14336K, 99% used [0x00000000ea400000,0x00000000eb1ff4e0,0x00000000eb200000)
  to   space 17920K, 0% used [0x00000000e9280000,0x00000000e9280000,0x00000000ea400000)
 ParOldGen       total 62976K, used 22907K [0x00000000a0000000, 0x00000000a3d80000, 0x00000000e0000000)
  object space 62976K, 36% used [0x00000000a0000000,0x00000000a165ee70,0x00000000a3d80000)
 Metaspace       used 52132K, capacity 53844K, committed 54104K, reserved 1095680K
  class space    used 7093K, capacity 7527K, committed 7552K, reserved 1048576K
}
Event: 19.592 GC heap before
{Heap before GC invocations=13 (full 2):
 PSYoungGen      total 164352K, used 110175K [0x00000000e0000000, 0x00000000ebb00000, 0x0000000100000000)
  eden space 150016K, 63% used [0x00000000e0000000,0x00000000e5d98858,0x00000000e9280000)
  from space 14336K, 99% used [0x00000000ea400000,0x00000000eb1ff4e0,0x00000000eb200000)
  to   space 17920K, 0% used [0x00000000e9280000,0x00000000e9280000,0x00000000ea400000)
 ParOldGen       total 62976K, used 22907K [0x00000000a0000000, 0x00000000a3d80000, 0x00000000e0000000)
  object space 62976K, 36% used [0x00000000a0000000,0x00000000a165ee70,0x00000000a3d80000)
 Metaspace       used 57183K, capacity 58918K, committed 59028K, reserved 1099776K
  class space    used 7710K, capacity 8188K, committed 8192K, reserved 1048576K
Event: 19.649 GC heap after
Heap after GC invocations=13 (full 2):
 PSYoungGen      total 167936K, used 17916K [0x00000000e0000000, 0x00000000eec80000, 0x0000000100000000)
  eden space 150016K, 0% used [0x00000000e0000000,0x00000000e0000000,0x00000000e9280000)
  from space 17920K, 99% used [0x00000000e9280000,0x00000000ea3ff2d0,0x00000000ea400000)
  to   space 26112K, 0% used [0x00000000ed300000,0x00000000ed300000,0x00000000eec80000)
 ParOldGen       total 62976K, used 37032K [0x00000000a0000000, 0x00000000a3d80000, 0x00000000e0000000)
  object space 62976K, 58% used [0x00000000a0000000,0x00000000a242a330,0x00000000a3d80000)
 Metaspace       used 57183K, capacity 58918K, committed 59028K, reserved 1099776K
  class space    used 7710K, capacity 8188K, committed 8192K, reserved 1048576K
}
Event: 19.649 GC heap before
{Heap before GC invocations=14 (full 3):
 PSYoungGen      total 167936K, used 17916K [0x00000000e0000000, 0x00000000eec80000, 0x0000000100000000)
  eden space 150016K, 0% used [0x00000000e0000000,0x00000000e0000000,0x00000000e9280000)
  from space 17920K, 99% used [0x00000000e9280000,0x00000000ea3ff2d0,0x00000000ea400000)
  to   space 26112K, 0% used [0x00000000ed300000,0x00000000ed300000,0x00000000eec80000)
 ParOldGen       total 62976K, used 37032K [0x00000000a0000000, 0x00000000a3d80000, 0x00000000e0000000)
  object space 62976K, 58% used [0x00000000a0000000,0x00000000a242a330,0x00000000a3d80000)
 Metaspace       used 57183K, capacity 58918K, committed 59028K, reserved 1099776K
  class space    used 7710K, capacity 8188K, committed 8192K, reserved 1048576K
Event: 20.000 GC heap after
Heap after GC invocations=14 (full 3):
 PSYoungGen      total 167936K, used 0K [0x00000000e0000000, 0x00000000eec80000, 0x0000000100000000)
  eden space 150016K, 0% used [0x00000000e0000000,0x00000000e0000000,0x00000000e9280000)
  from space 17920K, 0% used [0x00000000e9280000,0x00000000e9280000,0x00000000ea400000)
  to   space 26112K, 0% used [0x00000000ed300000,0x00000000ed300000,0x00000000eec80000)
 ParOldGen       total 112640K, used 44927K [0x00000000a0000000, 0x00000000a6e00000, 0x00000000e0000000)
  object space 112640K, 39% used [0x00000000a0000000,0x00000000a2bdfe08,0x00000000a6e00000)
 Metaspace       used 57183K, capacity 58918K, committed 59028K, reserved 1099776K
  class space    used 7710K, capacity 8188K, committed 8192K, reserved 1048576K
}

